{"D:\\MAMP\\htdocs\\avia-tickets\\src\\js\\script.js": {"path":"D:\\MAMP\\htdocs\\avia-tickets\\src\\js\\script.js","statementMap":{"0":{"start":{"line":10,"column":0},"end":{"line":50,"column":3}},"1":{"start":{"line":11,"column":4},"end":{"line":11,"column":14}},"2":{"start":{"line":12,"column":17},"end":{"line":12,"column":28}},"3":{"start":{"line":15,"column":4},"end":{"line":18,"column":7}},"4":{"start":{"line":16,"column":8},"end":{"line":16,"column":27}},"5":{"start":{"line":17,"column":8},"end":{"line":17,"column":23}},"6":{"start":{"line":23,"column":8},"end":{"line":23,"column":31}},"7":{"start":{"line":24,"column":8},"end":{"line":24,"column":62}},"8":{"start":{"line":29,"column":23},"end":{"line":29,"column":69}},"9":{"start":{"line":30,"column":28},"end":{"line":30,"column":79}},"10":{"start":{"line":31,"column":28},"end":{"line":31,"column":50}},"11":{"start":{"line":32,"column":28},"end":{"line":32,"column":50}},"12":{"start":{"line":33,"column":25},"end":{"line":33,"column":49}},"13":{"start":{"line":36,"column":8},"end":{"line":36,"column":67}},"14":{"start":{"line":38,"column":8},"end":{"line":44,"column":11}},"15":{"start":{"line":46,"column":8},"end":{"line":46,"column":42}},"16":{"start":{"line":47,"column":8},"end":{"line":47,"column":54}}},"fnMap":{"0":{"name":"(anonymous_0)","decl":{"start":{"line":10,"column":46},"end":{"line":10,"column":47}},"loc":{"start":{"line":10,"column":52},"end":{"line":50,"column":1}},"line":10},"1":{"name":"(anonymous_1)","decl":{"start":{"line":15,"column":36},"end":{"line":15,"column":37}},"loc":{"start":{"line":15,"column":43},"end":{"line":18,"column":5}},"line":15},"2":{"name":"initApp","decl":{"start":{"line":22,"column":19},"end":{"line":22,"column":26}},"loc":{"start":{"line":22,"column":29},"end":{"line":25,"column":5}},"line":22},"3":{"name":"onFormSubmit","decl":{"start":{"line":27,"column":19},"end":{"line":27,"column":31}},"loc":{"start":{"line":27,"column":34},"end":{"line":48,"column":5}},"line":27}},"branchMap":{},"s":{"0":0,"1":0,"2":0,"3":0,"4":0,"5":0,"6":0,"7":0,"8":0,"9":0,"10":0,"11":0,"12":0,"13":0,"14":0,"15":0,"16":0},"f":{"0":0,"1":0,"2":0,"3":0},"b":{}}
,"D:\\MAMP\\htdocs\\avia-tickets\\src\\js\\config\\apiConfig.js": {"path":"D:\\MAMP\\htdocs\\avia-tickets\\src\\js\\config\\apiConfig.js","statementMap":{"0":{"start":{"line":3,"column":15},"end":{"line":5,"column":1}}},"fnMap":{},"branchMap":{},"s":{"0":0},"f":{},"b":{}}
,"D:\\MAMP\\htdocs\\avia-tickets\\src\\js\\helpers\\date.js": {"path":"D:\\MAMP\\htdocs\\avia-tickets\\src\\js\\helpers\\date.js","statementMap":{"0":{"start":{"line":11,"column":17},"end":{"line":11,"column":30}},"1":{"start":{"line":12,"column":4},"end":{"line":12,"column":30}}},"fnMap":{"0":{"name":"formatDate","decl":{"start":{"line":10,"column":16},"end":{"line":10,"column":26}},"loc":{"start":{"line":10,"column":38},"end":{"line":13,"column":1}},"line":10}},"branchMap":{},"s":{"0":1,"1":1},"f":{"0":1},"b":{},"_coverageSchema":"1a1c01bbd47fc00a2c39e90264f33305004495a9","hash":"2cabf8296dc150571da39f66c000b98cfc8c8a41"}
,"D:\\MAMP\\htdocs\\avia-tickets\\src\\js\\plugins\\index.js": {"path":"D:\\MAMP\\htdocs\\avia-tickets\\src\\js\\plugins\\index.js","statementMap":{},"fnMap":{},"branchMap":{},"s":{},"f":{},"b":{}}
,"D:\\MAMP\\htdocs\\avia-tickets\\src\\js\\plugins\\materialize.js": {"path":"D:\\MAMP\\htdocs\\avia-tickets\\src\\js\\plugins\\materialize.js","statementMap":{"0":{"start":{"line":5,"column":15},"end":{"line":5,"column":50}},"1":{"start":{"line":6,"column":0},"end":{"line":6,"column":26}},"2":{"start":{"line":9,"column":4},"end":{"line":9,"column":42}},"3":{"start":{"line":13,"column":21},"end":{"line":13,"column":63}},"4":{"start":{"line":14,"column":0},"end":{"line":20,"column":3}},"5":{"start":{"line":23,"column":4},"end":{"line":23,"column":44}},"6":{"start":{"line":27,"column":20},"end":{"line":27,"column":60}},"7":{"start":{"line":28,"column":0},"end":{"line":31,"column":3}},"8":{"start":{"line":34,"column":4},"end":{"line":34,"column":42}}},"fnMap":{"0":{"name":"getSelectInstance","decl":{"start":{"line":8,"column":16},"end":{"line":8,"column":33}},"loc":{"start":{"line":8,"column":40},"end":{"line":10,"column":1}},"line":8},"1":{"name":"getAutocomleteInstance","decl":{"start":{"line":22,"column":16},"end":{"line":22,"column":38}},"loc":{"start":{"line":22,"column":45},"end":{"line":24,"column":1}},"line":22},"2":{"name":"getDatepickerInstance","decl":{"start":{"line":33,"column":16},"end":{"line":33,"column":37}},"loc":{"start":{"line":33,"column":44},"end":{"line":35,"column":1}},"line":33}},"branchMap":{},"s":{"0":0,"1":0,"2":0,"3":0,"4":0,"5":0,"6":0,"7":0,"8":0},"f":{"0":0,"1":0,"2":0},"b":{}}
,"D:\\MAMP\\htdocs\\avia-tickets\\src\\js\\services\\apiService.js": {"path":"D:\\MAMP\\htdocs\\avia-tickets\\src\\js\\services\\apiService.js","statementMap":{"0":{"start":{"line":13,"column":8},"end":{"line":13,"column":30}},"1":{"start":{"line":17,"column":8},"end":{"line":24,"column":9}},"2":{"start":{"line":18,"column":29},"end":{"line":18,"column":69}},"3":{"start":{"line":19,"column":12},"end":{"line":19,"column":33}},"4":{"start":{"line":21,"column":12},"end":{"line":21,"column":29}},"5":{"start":{"line":22,"column":12},"end":{"line":22,"column":53}},"6":{"start":{"line":23,"column":12},"end":{"line":23,"column":39}},"7":{"start":{"line":27,"column":8},"end":{"line":34,"column":9}},"8":{"start":{"line":28,"column":29},"end":{"line":28,"column":66}},"9":{"start":{"line":29,"column":12},"end":{"line":29,"column":33}},"10":{"start":{"line":31,"column":12},"end":{"line":31,"column":29}},"11":{"start":{"line":32,"column":12},"end":{"line":32,"column":50}},"12":{"start":{"line":33,"column":12},"end":{"line":33,"column":39}},"13":{"start":{"line":38,"column":8},"end":{"line":45,"column":9}},"14":{"start":{"line":39,"column":29},"end":{"line":39,"column":68}},"15":{"start":{"line":40,"column":12},"end":{"line":40,"column":33}},"16":{"start":{"line":42,"column":12},"end":{"line":42,"column":29}},"17":{"start":{"line":43,"column":12},"end":{"line":43,"column":52}},"18":{"start":{"line":44,"column":12},"end":{"line":44,"column":39}},"19":{"start":{"line":49,"column":8},"end":{"line":58,"column":9}},"20":{"start":{"line":50,"column":29},"end":{"line":52,"column":14}},"21":{"start":{"line":53,"column":12},"end":{"line":53,"column":33}},"22":{"start":{"line":55,"column":12},"end":{"line":55,"column":29}},"23":{"start":{"line":56,"column":12},"end":{"line":56,"column":50}},"24":{"start":{"line":57,"column":12},"end":{"line":57,"column":39}},"25":{"start":{"line":62,"column":12},"end":{"line":62,"column":27}}},"fnMap":{"0":{"name":"(anonymous_0)","decl":{"start":{"line":12,"column":4},"end":{"line":12,"column":5}},"loc":{"start":{"line":12,"column":24},"end":{"line":14,"column":5}},"line":12},"1":{"name":"(anonymous_1)","decl":{"start":{"line":16,"column":4},"end":{"line":16,"column":5}},"loc":{"start":{"line":16,"column":22},"end":{"line":25,"column":5}},"line":16},"2":{"name":"(anonymous_2)","decl":{"start":{"line":26,"column":4},"end":{"line":26,"column":5}},"loc":{"start":{"line":26,"column":19},"end":{"line":35,"column":5}},"line":26},"3":{"name":"(anonymous_3)","decl":{"start":{"line":37,"column":4},"end":{"line":37,"column":5}},"loc":{"start":{"line":37,"column":21},"end":{"line":46,"column":5}},"line":37},"4":{"name":"(anonymous_4)","decl":{"start":{"line":48,"column":4},"end":{"line":48,"column":5}},"loc":{"start":{"line":48,"column":25},"end":{"line":59,"column":5}},"line":48}},"branchMap":{},"s":{"0":0,"1":0,"2":0,"3":0,"4":0,"5":0,"6":0,"7":0,"8":0,"9":0,"10":0,"11":0,"12":0,"13":0,"14":0,"15":0,"16":0,"17":0,"18":0,"19":0,"20":0,"21":0,"22":0,"23":0,"24":0,"25":0},"f":{"0":0,"1":0,"2":0,"3":0,"4":0},"b":{}}
,"D:\\MAMP\\htdocs\\avia-tickets\\src\\js\\store\\locations.js": {"path":"D:\\MAMP\\htdocs\\avia-tickets\\src\\js\\store\\locations.js","statementMap":{"0":{"start":{"line":6,"column":8},"end":{"line":6,"column":23}},"1":{"start":{"line":7,"column":8},"end":{"line":7,"column":30}},"2":{"start":{"line":8,"column":8},"end":{"line":8,"column":27}},"3":{"start":{"line":9,"column":8},"end":{"line":9,"column":36}},"4":{"start":{"line":10,"column":8},"end":{"line":10,"column":29}},"5":{"start":{"line":11,"column":8},"end":{"line":11,"column":45}},"6":{"start":{"line":15,"column":25},"end":{"line":19,"column":10}},"7":{"start":{"line":21,"column":8},"end":{"line":21,"column":30}},"8":{"start":{"line":23,"column":46},"end":{"line":23,"column":54}},"9":{"start":{"line":24,"column":8},"end":{"line":24,"column":60}},"10":{"start":{"line":25,"column":8},"end":{"line":25,"column":51}},"11":{"start":{"line":26,"column":8},"end":{"line":26,"column":71}},"12":{"start":{"line":27,"column":8},"end":{"line":27,"column":57}},"13":{"start":{"line":28,"column":8},"end":{"line":28,"column":24}},"14":{"start":{"line":33,"column":21},"end":{"line":33,"column":85}},"15":{"start":{"line":33,"column":63},"end":{"line":33,"column":84}},"16":{"start":{"line":34,"column":8},"end":{"line":34,"column":25}},"17":{"start":{"line":38,"column":8},"end":{"line":38,"column":38}},"18":{"start":{"line":42,"column":8},"end":{"line":42,"column":67}},"19":{"start":{"line":46,"column":8},"end":{"line":46,"column":67}},"20":{"start":{"line":52,"column":8},"end":{"line":55,"column":15}},"21":{"start":{"line":53,"column":12},"end":{"line":53,"column":38}},"22":{"start":{"line":54,"column":12},"end":{"line":54,"column":23}},"23":{"start":{"line":60,"column":8},"end":{"line":63,"column":15}},"24":{"start":{"line":61,"column":12},"end":{"line":61,"column":40}},"25":{"start":{"line":62,"column":12},"end":{"line":62,"column":23}},"26":{"start":{"line":68,"column":8},"end":{"line":78,"column":15}},"27":{"start":{"line":69,"column":32},"end":{"line":69,"column":76}},"28":{"start":{"line":70,"column":12},"end":{"line":70,"column":63}},"29":{"start":{"line":71,"column":29},"end":{"line":71,"column":58}},"30":{"start":{"line":72,"column":12},"end":{"line":76,"column":14}},"31":{"start":{"line":77,"column":12},"end":{"line":77,"column":23}},"32":{"start":{"line":82,"column":8},"end":{"line":87,"column":15}},"33":{"start":{"line":83,"column":12},"end":{"line":83,"column":70}},"34":{"start":{"line":84,"column":12},"end":{"line":84,"column":63}},"35":{"start":{"line":85,"column":12},"end":{"line":85,"column":34}},"36":{"start":{"line":86,"column":12},"end":{"line":86,"column":23}},"37":{"start":{"line":91,"column":8},"end":{"line":91,"column":41}},"38":{"start":{"line":99,"column":25},"end":{"line":99,"column":54}},"39":{"start":{"line":100,"column":8},"end":{"line":100,"column":63}},"40":{"start":{"line":104,"column":8},"end":{"line":114,"column":11}},"41":{"start":{"line":105,"column":12},"end":{"line":113,"column":14}},"42":{"start":{"line":118,"column":18},"end":{"line":118,"column":52}}},"fnMap":{"0":{"name":"(anonymous_0)","decl":{"start":{"line":5,"column":4},"end":{"line":5,"column":5}},"loc":{"start":{"line":5,"column":30},"end":{"line":12,"column":5}},"line":5},"1":{"name":"(anonymous_1)","decl":{"start":{"line":14,"column":4},"end":{"line":14,"column":5}},"loc":{"start":{"line":14,"column":17},"end":{"line":29,"column":5}},"line":14},"2":{"name":"(anonymous_2)","decl":{"start":{"line":31,"column":4},"end":{"line":31,"column":5}},"loc":{"start":{"line":31,"column":26},"end":{"line":35,"column":5}},"line":31},"3":{"name":"(anonymous_3)","decl":{"start":{"line":33,"column":53},"end":{"line":33,"column":54}},"loc":{"start":{"line":33,"column":63},"end":{"line":33,"column":84}},"line":33},"4":{"name":"(anonymous_4)","decl":{"start":{"line":37,"column":4},"end":{"line":37,"column":5}},"loc":{"start":{"line":37,"column":28},"end":{"line":39,"column":5}},"line":37},"5":{"name":"(anonymous_5)","decl":{"start":{"line":41,"column":4},"end":{"line":41,"column":5}},"loc":{"start":{"line":41,"column":31},"end":{"line":43,"column":5}},"line":41},"6":{"name":"(anonymous_6)","decl":{"start":{"line":45,"column":4},"end":{"line":45,"column":5}},"loc":{"start":{"line":45,"column":31},"end":{"line":47,"column":5}},"line":45},"7":{"name":"(anonymous_7)","decl":{"start":{"line":49,"column":4},"end":{"line":49,"column":5}},"loc":{"start":{"line":49,"column":34},"end":{"line":56,"column":5}},"line":49},"8":{"name":"(anonymous_8)","decl":{"start":{"line":52,"column":45},"end":{"line":52,"column":46}},"loc":{"start":{"line":52,"column":64},"end":{"line":55,"column":9}},"line":52},"9":{"name":"(anonymous_9)","decl":{"start":{"line":58,"column":4},"end":{"line":58,"column":5}},"loc":{"start":{"line":58,"column":34},"end":{"line":64,"column":5}},"line":58},"10":{"name":"(anonymous_10)","decl":{"start":{"line":60,"column":32},"end":{"line":60,"column":33}},"loc":{"start":{"line":60,"column":50},"end":{"line":63,"column":9}},"line":60},"11":{"name":"(anonymous_11)","decl":{"start":{"line":66,"column":4},"end":{"line":66,"column":5}},"loc":{"start":{"line":66,"column":28},"end":{"line":79,"column":5}},"line":66},"12":{"name":"(anonymous_12)","decl":{"start":{"line":68,"column":29},"end":{"line":68,"column":30}},"loc":{"start":{"line":68,"column":44},"end":{"line":78,"column":9}},"line":68},"13":{"name":"(anonymous_13)","decl":{"start":{"line":81,"column":4},"end":{"line":81,"column":5}},"loc":{"start":{"line":81,"column":32},"end":{"line":88,"column":5}},"line":81},"14":{"name":"(anonymous_14)","decl":{"start":{"line":82,"column":31},"end":{"line":82,"column":32}},"loc":{"start":{"line":82,"column":46},"end":{"line":87,"column":9}},"line":82},"15":{"name":"(anonymous_15)","decl":{"start":{"line":90,"column":4},"end":{"line":90,"column":5}},"loc":{"start":{"line":90,"column":31},"end":{"line":92,"column":5}},"line":90},"16":{"name":"(anonymous_16)","decl":{"start":{"line":98,"column":4},"end":{"line":98,"column":5}},"loc":{"start":{"line":98,"column":31},"end":{"line":101,"column":5}},"line":98},"17":{"name":"(anonymous_17)","decl":{"start":{"line":103,"column":4},"end":{"line":103,"column":5}},"loc":{"start":{"line":103,"column":30},"end":{"line":115,"column":5}},"line":103},"18":{"name":"(anonymous_18)","decl":{"start":{"line":104,"column":42},"end":{"line":104,"column":43}},"loc":{"start":{"line":104,"column":52},"end":{"line":114,"column":9}},"line":104}},"branchMap":{"0":{"loc":{"start":{"line":42,"column":15},"end":{"line":42,"column":66}},"type":"cond-expr","locations":[{"start":{"line":42,"column":37},"end":{"line":42,"column":61}},{"start":{"line":42,"column":64},"end":{"line":42,"column":66}}],"line":42},"1":{"loc":{"start":{"line":46,"column":15},"end":{"line":46,"column":66}},"type":"cond-expr","locations":[{"start":{"line":46,"column":37},"end":{"line":46,"column":61}},{"start":{"line":46,"column":64},"end":{"line":46,"column":66}}],"line":46},"2":{"loc":{"start":{"line":70,"column":24},"end":{"line":70,"column":62}},"type":"binary-expr","locations":[{"start":{"line":70,"column":24},"end":{"line":70,"column":33}},{"start":{"line":70,"column":37},"end":{"line":70,"column":62}}],"line":70},"3":{"loc":{"start":{"line":84,"column":24},"end":{"line":84,"column":62}},"type":"binary-expr","locations":[{"start":{"line":84,"column":24},"end":{"line":84,"column":33}},{"start":{"line":84,"column":37},"end":{"line":84,"column":62}}],"line":84}},"s":{"0":0,"1":0,"2":0,"3":0,"4":0,"5":0,"6":0,"7":0,"8":0,"9":0,"10":0,"11":0,"12":0,"13":0,"14":0,"15":0,"16":0,"17":0,"18":0,"19":0,"20":0,"21":0,"22":0,"23":0,"24":0,"25":0,"26":0,"27":0,"28":0,"29":0,"30":0,"31":0,"32":0,"33":0,"34":0,"35":0,"36":0,"37":0,"38":0,"39":0,"40":0,"41":0,"42":0},"f":{"0":0,"1":0,"2":0,"3":0,"4":0,"5":0,"6":0,"7":0,"8":0,"9":0,"10":0,"11":0,"12":0,"13":0,"14":0,"15":0,"16":0,"17":0,"18":0},"b":{"0":[0,0],"1":[0,0],"2":[0,0],"3":[0,0]}}
,"D:\\MAMP\\htdocs\\avia-tickets\\src\\js\\views\\currency.js": {"path":"D:\\MAMP\\htdocs\\avia-tickets\\src\\js\\views\\currency.js","statementMap":{"0":{"start":{"line":3,"column":8},"end":{"line":3,"column":60}},"1":{"start":{"line":4,"column":8},"end":{"line":7,"column":9}},"2":{"start":{"line":11,"column":8},"end":{"line":11,"column":35}},"3":{"start":{"line":15,"column":8},"end":{"line":15,"column":51}},"4":{"start":{"line":20,"column":19},"end":{"line":20,"column":35}}},"fnMap":{"0":{"name":"(anonymous_0)","decl":{"start":{"line":2,"column":4},"end":{"line":2,"column":5}},"loc":{"start":{"line":2,"column":18},"end":{"line":8,"column":5}},"line":2},"1":{"name":"(anonymous_1)","decl":{"start":{"line":10,"column":4},"end":{"line":10,"column":5}},"loc":{"start":{"line":10,"column":24},"end":{"line":12,"column":5}},"line":10},"2":{"name":"(anonymous_2)","decl":{"start":{"line":14,"column":4},"end":{"line":14,"column":5}},"loc":{"start":{"line":14,"column":24},"end":{"line":16,"column":5}},"line":14}},"branchMap":{},"s":{"0":0,"1":0,"2":0,"3":0,"4":0},"f":{"0":0,"1":0,"2":0},"b":{}}
,"D:\\MAMP\\htdocs\\avia-tickets\\src\\js\\views\\form.js": {"path":"D:\\MAMP\\htdocs\\avia-tickets\\src\\js\\views\\form.js","statementMap":{"0":{"start":{"line":5,"column":8},"end":{"line":5,"column":56}},"1":{"start":{"line":6,"column":8},"end":{"line":6,"column":69}},"2":{"start":{"line":7,"column":8},"end":{"line":7,"column":79}},"3":{"start":{"line":8,"column":8},"end":{"line":8,"column":67}},"4":{"start":{"line":9,"column":8},"end":{"line":9,"column":67}},"5":{"start":{"line":11,"column":8},"end":{"line":11,"column":67}},"6":{"start":{"line":12,"column":8},"end":{"line":12,"column":77}},"7":{"start":{"line":14,"column":8},"end":{"line":14,"column":64}},"8":{"start":{"line":15,"column":8},"end":{"line":15,"column":64}},"9":{"start":{"line":19,"column":8},"end":{"line":19,"column":26}},"10":{"start":{"line":23,"column":8},"end":{"line":23,"column":33}},"11":{"start":{"line":27,"column":8},"end":{"line":27,"column":38}},"12":{"start":{"line":31,"column":8},"end":{"line":31,"column":48}},"13":{"start":{"line":35,"column":8},"end":{"line":35,"column":48}},"14":{"start":{"line":39,"column":8},"end":{"line":39,"column":49}},"15":{"start":{"line":40,"column":8},"end":{"line":40,"column":54}},"16":{"start":{"line":44,"column":15},"end":{"line":44,"column":72}}},"fnMap":{"0":{"name":"(anonymous_0)","decl":{"start":{"line":4,"column":4},"end":{"line":4,"column":5}},"loc":{"start":{"line":4,"column":57},"end":{"line":16,"column":5}},"line":4},"1":{"name":"(anonymous_1)","decl":{"start":{"line":18,"column":4},"end":{"line":18,"column":5}},"loc":{"start":{"line":18,"column":15},"end":{"line":20,"column":5}},"line":18},"2":{"name":"(anonymous_2)","decl":{"start":{"line":22,"column":4},"end":{"line":22,"column":5}},"loc":{"start":{"line":22,"column":22},"end":{"line":24,"column":5}},"line":22},"3":{"name":"(anonymous_3)","decl":{"start":{"line":26,"column":4},"end":{"line":26,"column":5}},"loc":{"start":{"line":26,"column":27},"end":{"line":28,"column":5}},"line":26},"4":{"name":"(anonymous_4)","decl":{"start":{"line":30,"column":4},"end":{"line":30,"column":5}},"loc":{"start":{"line":30,"column":26},"end":{"line":32,"column":5}},"line":30},"5":{"name":"(anonymous_5)","decl":{"start":{"line":34,"column":4},"end":{"line":34,"column":5}},"loc":{"start":{"line":34,"column":26},"end":{"line":36,"column":5}},"line":34},"6":{"name":"(anonymous_6)","decl":{"start":{"line":38,"column":4},"end":{"line":38,"column":5}},"loc":{"start":{"line":38,"column":30},"end":{"line":41,"column":5}},"line":38}},"branchMap":{},"s":{"0":0,"1":0,"2":0,"3":0,"4":0,"5":0,"6":0,"7":0,"8":0,"9":0,"10":0,"11":0,"12":0,"13":0,"14":0,"15":0,"16":0},"f":{"0":0,"1":0,"2":0,"3":0,"4":0,"5":0,"6":0},"b":{}}
,"D:\\MAMP\\htdocs\\avia-tickets\\src\\js\\views\\tickets.js": {"path":"D:\\MAMP\\htdocs\\avia-tickets\\src\\js\\views\\tickets.js","statementMap":{"0":{"start":{"line":5,"column":8},"end":{"line":5,"column":74}},"1":{"start":{"line":6,"column":8},"end":{"line":6,"column":75}},"2":{"start":{"line":10,"column":8},"end":{"line":10,"column":30}},"3":{"start":{"line":12,"column":8},"end":{"line":15,"column":9}},"4":{"start":{"line":13,"column":12},"end":{"line":13,"column":32}},"5":{"start":{"line":14,"column":12},"end":{"line":14,"column":19}},"6":{"start":{"line":17,"column":23},"end":{"line":17,"column":25}},"7":{"start":{"line":18,"column":25},"end":{"line":18,"column":49}},"8":{"start":{"line":20,"column":8},"end":{"line":23,"column":11}},"9":{"start":{"line":21,"column":29},"end":{"line":21,"column":71}},"10":{"start":{"line":22,"column":12},"end":{"line":22,"column":33}},"11":{"start":{"line":25,"column":8},"end":{"line":25,"column":30}},"12":{"start":{"line":27,"column":8},"end":{"line":27,"column":66}},"13":{"start":{"line":31,"column":8},"end":{"line":31,"column":38}},"14":{"start":{"line":35,"column":25},"end":{"line":35,"column":53}},"15":{"start":{"line":36,"column":8},"end":{"line":36,"column":66}},"16":{"start":{"line":40,"column":8},"end":{"line":44,"column":10}},"17":{"start":{"line":48,"column":8},"end":{"line":75,"column":10}},"18":{"start":{"line":79,"column":18},"end":{"line":79,"column":43}}},"fnMap":{"0":{"name":"(anonymous_0)","decl":{"start":{"line":4,"column":4},"end":{"line":4,"column":5}},"loc":{"start":{"line":4,"column":26},"end":{"line":7,"column":5}},"line":4},"1":{"name":"(anonymous_1)","decl":{"start":{"line":9,"column":4},"end":{"line":9,"column":5}},"loc":{"start":{"line":9,"column":27},"end":{"line":28,"column":5}},"line":9},"2":{"name":"(anonymous_2)","decl":{"start":{"line":20,"column":24},"end":{"line":20,"column":25}},"loc":{"start":{"line":20,"column":34},"end":{"line":23,"column":9}},"line":20},"3":{"name":"(anonymous_3)","decl":{"start":{"line":30,"column":4},"end":{"line":30,"column":5}},"loc":{"start":{"line":30,"column":21},"end":{"line":32,"column":5}},"line":30},"4":{"name":"(anonymous_4)","decl":{"start":{"line":34,"column":4},"end":{"line":34,"column":5}},"loc":{"start":{"line":34,"column":19},"end":{"line":37,"column":5}},"line":34},"5":{"name":"(anonymous_5)","decl":{"start":{"line":39,"column":4},"end":{"line":39,"column":5}},"loc":{"start":{"line":39,"column":30},"end":{"line":45,"column":5}},"line":39},"6":{"name":"(anonymous_6)","decl":{"start":{"line":47,"column":4},"end":{"line":47,"column":5}},"loc":{"start":{"line":47,"column":44},"end":{"line":76,"column":5}},"line":47}},"branchMap":{"0":{"loc":{"start":{"line":12,"column":8},"end":{"line":15,"column":9}},"type":"if","locations":[{"start":{"line":12,"column":8},"end":{"line":15,"column":9}},{"start":{"line":12,"column":8},"end":{"line":15,"column":9}}],"line":12}},"s":{"0":0,"1":0,"2":0,"3":0,"4":0,"5":0,"6":0,"7":0,"8":0,"9":0,"10":0,"11":0,"12":0,"13":0,"14":0,"15":0,"16":0,"17":0,"18":0},"f":{"0":0,"1":0,"2":0,"3":0,"4":0,"5":0,"6":0},"b":{"0":[0,0]}}
}
